# JRE version: Java(TM) SE Runtime Environment (17.0.8+9) (build 17.0.8+9-LTS-211)
# Java VM: Java HotSpot(TM) 64-Bit Server VM (17.0.8+9-LTS-211, mixed mode, emulated-client, sharing, tiered, compressed oops, compressed class ptrs, g1 gc, windows-amd64)
GC Precious Log:
 CPUs: 12 total, 12 available
 Memory: 15720M
 Large Page Support: Disabled
 NUMA Support: Disabled
 Compressed Oops: Enabled (Zero based)
 Heap Region Size: 2M
 Heap Min Capacity: 8M
 Heap Initial Capacity: 246M
 Heap Max Capacity: 3932M
 Pre-touch: Disabled
 Parallel Workers: 10
 Concurrent Workers: 3
 Concurrent Refinement Workers: 10
 Periodic GC: Disabled
Heap:
 garbage-first heap   total 116736K, used 62842K [0x000000070a400000, 0x0000000800000000)
  region size 2048K, 12 young (24576K), 1 survivors (2048K)
 Metaspace       used 93444K, committed 94272K, reserved 1179648K
  class space    used 13554K, committed 13952K, reserved 1048576K
GC Heap History (20 events):
Event: 4560.453 GC heap before
{Heap before GC invocations=240 (full 14):
 garbage-first heap   total 116736K, used 90053K [0x000000070a400000, 0x0000000800000000)
  region size 2048K, 28 young (57344K), 3 survivors (6144K)
 Metaspace       used 93109K, committed 93952K, reserved 1179648K
  class space    used 13543K, committed 13952K, reserved 1048576K
}
Event: 4560.456 GC heap after
{Heap after GC invocations=241 (full 14):
 garbage-first heap   total 116736K, used 41053K [0x000000070a400000, 0x0000000800000000)
  region size 2048K, 2 young (4096K), 2 survivors (4096K)
 Metaspace       used 93109K, committed 93952K, reserved 1179648K
  class space    used 13543K, committed 13952K, reserved 1048576K
}
Event: 4560.777 GC heap before
{Heap before GC invocations=241 (full 14):
 garbage-first heap   total 116736K, used 88157K [0x000000070a400000, 0x0000000800000000)
  region size 2048K, 25 young (51200K), 2 survivors (4096K)
 Metaspace       used 93512K, committed 94272K, reserved 1179648K
  class space    used 13574K, committed 13952K, reserved 1048576K
}
Event: 4560.780 GC heap after
{Heap after GC invocations=242 (full 14):
 garbage-first heap   total 116736K, used 43000K [0x000000070a400000, 0x0000000800000000)
  region size 2048K, 3 young (6144K), 3 survivors (6144K)
 Metaspace       used 93512K, committed 94272K, reserved 1179648K
  class space    used 13574K, committed 13952K, reserved 1048576K
}
Event: 4713.031 GC heap before
{Heap before GC invocations=242 (full 14):
 garbage-first heap   total 116736K, used 90104K [0x000000070a400000, 0x0000000800000000)
  region size 2048K, 26 young (53248K), 3 survivors (6144K)
 Metaspace       used 93558K, committed 94336K, reserved 1179648K
  class space    used 13580K, committed 13952K, reserved 1048576K
}
Event: 4713.035 GC heap after
{Heap after GC invocations=243 (full 14):
 garbage-first heap   total 116736K, used 43182K [0x000000070a400000, 0x0000000800000000)
  region size 2048K, 2 young (4096K), 2 survivors (4096K)
 Metaspace       used 93558K, committed 94336K, reserved 1179648K
  class space    used 13580K, committed 13952K, reserved 1048576K
}
Event: 4729.953 GC heap before
{Heap before GC invocations=243 (full 14):
 garbage-first heap   total 116736K, used 47278K [0x000000070a400000, 0x0000000800000000)
  region size 2048K, 5 young (10240K), 2 survivors (4096K)
 Metaspace       used 93560K, committed 94336K, reserved 1179648K
  class space    used 13580K, committed 13952K, reserved 1048576K
}
Event: 4730.062 GC heap after
{Heap after GC invocations=244 (full 15):
 garbage-first heap   total 116736K, used 30114K [0x000000070a400000, 0x0000000800000000)
  region size 2048K, 0 young (0K), 0 survivors (0K)
 Metaspace       used 92228K, committed 94016K, reserved 1179648K
  class space    used 13409K, committed 13952K, reserved 1048576K
}
Event: 4730.963 GC heap before
{Heap before GC invocations=244 (full 15):
 garbage-first heap   total 116736K, used 85410K [0x000000070a400000, 0x0000000800000000)
  region size 2048K, 28 young (57344K), 0 survivors (0K)
 Metaspace       used 92569K, committed 94016K, reserved 1179648K
  class space    used 13458K, committed 13952K, reserved 1048576K
}
Event: 4730.966 GC heap after
{Heap after GC invocations=245 (full 15):
 garbage-first heap   total 116736K, used 35625K [0x000000070a400000, 0x0000000800000000)
  region size 2048K, 3 young (6144K), 3 survivors (6144K)
 Metaspace       used 92569K, committed 94016K, reserved 1179648K
  class space    used 13458K, committed 13952K, reserved 1048576K
}
Event: 4731.563 GC heap before
{Heap before GC invocations=245 (full 15):
 garbage-first heap   total 116736K, used 86825K [0x000000070a400000, 0x0000000800000000)
  region size 2048K, 28 young (57344K), 3 survivors (6144K)
 Metaspace       used 92971K, committed 94016K, reserved 1179648K
  class space    used 13511K, committed 13952K, reserved 1048576K
}
Event: 4731.567 GC heap after
{Heap after GC invocations=246 (full 15):
 garbage-first heap   total 116736K, used 38601K [0x000000070a400000, 0x0000000800000000)
  region size 2048K, 2 young (4096K), 2 survivors (4096K)
 Metaspace       used 92971K, committed 94016K, reserved 1179648K
  class space    used 13511K, committed 13952K, reserved 1048576K
}
Event: 4731.924 GC heap before
{Heap before GC invocations=246 (full 15):
 garbage-first heap   total 116736K, used 85705K [0x000000070a400000, 0x0000000800000000)
  region size 2048K, 25 young (51200K), 2 survivors (4096K)
 Metaspace       used 93395K, committed 94208K, reserved 1179648K
  class space    used 13547K, committed 13952K, reserved 1048576K
}
Event: 4731.927 GC heap after
{Heap after GC invocations=247 (full 15):
 garbage-first heap   total 116736K, used 41511K [0x000000070a400000, 0x0000000800000000)
  region size 2048K, 4 young (8192K), 4 survivors (8192K)
 Metaspace       used 93395K, committed 94208K, reserved 1179648K
  class space    used 13547K, committed 13952K, reserved 1048576K
}
Event: 4867.264 GC heap before
{Heap before GC invocations=247 (full 15):
 garbage-first heap   total 116736K, used 86567K [0x000000070a400000, 0x0000000800000000)
  region size 2048K, 26 young (53248K), 4 survivors (8192K)
 Metaspace       used 93441K, committed 94272K, reserved 1179648K
  class space    used 13553K, committed 13952K, reserved 1048576K
}
Event: 4867.268 GC heap after
{Heap after GC invocations=248 (full 15):
 garbage-first heap   total 116736K, used 42912K [0x000000070a400000, 0x0000000800000000)
  region size 2048K, 3 young (6144K), 3 survivors (6144K)
 Metaspace       used 93441K, committed 94272K, reserved 1179648K
  class space    used 13553K, committed 13952K, reserved 1048576K
}
Event: 5168.274 GC heap before
{Heap before GC invocations=248 (full 15):
 garbage-first heap   total 116736K, used 87968K [0x000000070a400000, 0x0000000800000000)
  region size 2048K, 25 young (51200K), 3 survivors (6144K)
 Metaspace       used 93441K, committed 94272K, reserved 1179648K
  class space    used 13553K, committed 13952K, reserved 1048576K
}
Event: 5168.276 GC heap after
{Heap after GC invocations=249 (full 15):
 garbage-first heap   total 116736K, used 42678K [0x000000070a400000, 0x0000000800000000)
  region size 2048K, 1 young (2048K), 1 survivors (2048K)
 Metaspace       used 93441K, committed 94272K, reserved 1179648K
  class space    used 13553K, committed 13952K, reserved 1048576K
}
Event: 5471.064 GC heap before
{Heap before GC invocations=249 (full 15):
 garbage-first heap   total 116736K, used 87734K [0x000000070a400000, 0x0000000800000000)
  region size 2048K, 23 young (47104K), 1 survivors (2048K)
 Metaspace       used 93441K, committed 94272K, reserved 1179648K
  class space    used 13553K, committed 13952K, reserved 1048576K
}
Event: 5471.066 GC heap after
{Heap after GC invocations=250 (full 15):
 garbage-first heap   total 116736K, used 42362K [0x000000070a400000, 0x0000000800000000)
  region size 2048K, 1 young (2048K), 1 survivors (2048K)
 Metaspace       used 93441K, committed 94272K, reserved 1179648K
  class space    used 13553K, committed 13952K, reserved 1048576K
}

