# JRE version: Java(TM) SE Runtime Environment (17.0.8+9) (build 17.0.8+9-LTS-211)
# Java VM: Java HotSpot(TM) 64-Bit Server VM (17.0.8+9-LTS-211, mixed mode, emulated-client, sharing, tiered, compressed oops, compressed class ptrs, g1 gc, windows-amd64)
GC Precious Log:
 CPUs: 12 total, 12 available
 Memory: 15720M
 Large Page Support: Disabled
 NUMA Support: Disabled
 Compressed Oops: Enabled (Zero based)
 Heap Region Size: 2M
 Heap Min Capacity: 8M
 Heap Initial Capacity: 246M
 Heap Max Capacity: 3932M
 Pre-touch: Disabled
 Parallel Workers: 10
 Concurrent Workers: 3
 Concurrent Refinement Workers: 10
 Periodic GC: Disabled
Heap:
 garbage-first heap   total 96256K, used 79076K [0x000000070a400000, 0x0000000800000000)
  region size 2048K, 22 young (45056K), 1 survivors (2048K)
 Metaspace       used 87065K, committed 87872K, reserved 1179648K
  class space    used 12892K, committed 13248K, reserved 1048576K
GC Heap History (20 events):
Event: 6783.823 GC heap before
{Heap before GC invocations=113 (full 2):
 garbage-first heap   total 96256K, used 81277K [0x000000070a400000, 0x0000000800000000)
  region size 2048K, 22 young (45056K), 1 survivors (2048K)
 Metaspace       used 87053K, committed 87808K, reserved 1179648K
  class space    used 12889K, committed 13248K, reserved 1048576K
}
Event: 6783.825 GC heap after
{Heap after GC invocations=114 (full 2):
 garbage-first heap   total 96256K, used 38013K [0x000000070a400000, 0x0000000800000000)
  region size 2048K, 1 young (2048K), 1 survivors (2048K)
 Metaspace       used 87053K, committed 87808K, reserved 1179648K
  class space    used 12889K, committed 13248K, reserved 1048576K
}
Event: 6892.326 GC heap before
{Heap before GC invocations=115 (full 2):
 garbage-first heap   total 96256K, used 81021K [0x000000070a400000, 0x0000000800000000)
  region size 2048K, 22 young (45056K), 1 survivors (2048K)
 Metaspace       used 87043K, committed 87808K, reserved 1179648K
  class space    used 12888K, committed 13248K, reserved 1048576K
}
Event: 6892.327 GC heap after
{Heap after GC invocations=116 (full 2):
 garbage-first heap   total 96256K, used 37989K [0x000000070a400000, 0x0000000800000000)
  region size 2048K, 1 young (2048K), 1 survivors (2048K)
 Metaspace       used 87043K, committed 87808K, reserved 1179648K
  class space    used 12888K, committed 13248K, reserved 1048576K
}
Event: 7000.651 GC heap before
{Heap before GC invocations=116 (full 2):
 garbage-first heap   total 96256K, used 80997K [0x000000070a400000, 0x0000000800000000)
  region size 2048K, 22 young (45056K), 1 survivors (2048K)
 Metaspace       used 87053K, committed 87808K, reserved 1179648K
  class space    used 12889K, committed 13248K, reserved 1048576K
}
Event: 7000.652 GC heap after
{Heap after GC invocations=117 (full 2):
 garbage-first heap   total 96256K, used 38062K [0x000000070a400000, 0x0000000800000000)
  region size 2048K, 1 young (2048K), 1 survivors (2048K)
 Metaspace       used 87053K, committed 87808K, reserved 1179648K
  class space    used 12889K, committed 13248K, reserved 1048576K
}
Event: 7108.197 GC heap before
{Heap before GC invocations=118 (full 2):
 garbage-first heap   total 96256K, used 81070K [0x000000070a400000, 0x0000000800000000)
  region size 2048K, 22 young (45056K), 1 survivors (2048K)
 Metaspace       used 87053K, committed 87808K, reserved 1179648K
  class space    used 12889K, committed 13248K, reserved 1048576K
}
Event: 7108.199 GC heap after
{Heap after GC invocations=119 (full 2):
 garbage-first heap   total 96256K, used 38021K [0x000000070a400000, 0x0000000800000000)
  region size 2048K, 1 young (2048K), 1 survivors (2048K)
 Metaspace       used 87053K, committed 87808K, reserved 1179648K
  class space    used 12889K, committed 13248K, reserved 1048576K
}
Event: 7216.587 GC heap before
{Heap before GC invocations=119 (full 2):
 garbage-first heap   total 96256K, used 81029K [0x000000070a400000, 0x0000000800000000)
  region size 2048K, 22 young (45056K), 1 survivors (2048K)
 Metaspace       used 87063K, committed 87872K, reserved 1179648K
  class space    used 12891K, committed 13248K, reserved 1048576K
}
Event: 7216.589 GC heap after
{Heap after GC invocations=120 (full 2):
 garbage-first heap   total 96256K, used 38004K [0x000000070a400000, 0x0000000800000000)
  region size 2048K, 1 young (2048K), 1 survivors (2048K)
 Metaspace       used 87063K, committed 87872K, reserved 1179648K
  class space    used 12891K, committed 13248K, reserved 1048576K
}
Event: 7325.337 GC heap before
{Heap before GC invocations=121 (full 2):
 garbage-first heap   total 96256K, used 81012K [0x000000070a400000, 0x0000000800000000)
  region size 2048K, 22 young (45056K), 1 survivors (2048K)
 Metaspace       used 87053K, committed 87872K, reserved 1179648K
  class space    used 12889K, committed 13248K, reserved 1048576K
}
Event: 7325.339 GC heap after
{Heap after GC invocations=122 (full 2):
 garbage-first heap   total 96256K, used 37992K [0x000000070a400000, 0x0000000800000000)
  region size 2048K, 1 young (2048K), 1 survivors (2048K)
 Metaspace       used 87053K, committed 87872K, reserved 1179648K
  class space    used 12889K, committed 13248K, reserved 1048576K
}
Event: 7433.739 GC heap before
{Heap before GC invocations=122 (full 2):
 garbage-first heap   total 96256K, used 81000K [0x000000070a400000, 0x0000000800000000)
  region size 2048K, 22 young (45056K), 1 survivors (2048K)
 Metaspace       used 87053K, committed 87872K, reserved 1179648K
  class space    used 12889K, committed 13248K, reserved 1048576K
}
Event: 7433.740 GC heap after
{Heap after GC invocations=123 (full 2):
 garbage-first heap   total 96256K, used 37976K [0x000000070a400000, 0x0000000800000000)
  region size 2048K, 1 young (2048K), 1 survivors (2048K)
 Metaspace       used 87053K, committed 87872K, reserved 1179648K
  class space    used 12889K, committed 13248K, reserved 1048576K
}
Event: 7539.302 GC heap before
{Heap before GC invocations=124 (full 2):
 garbage-first heap   total 96256K, used 80984K [0x000000070a400000, 0x0000000800000000)
  region size 2048K, 22 young (45056K), 1 survivors (2048K)
 Metaspace       used 87053K, committed 87872K, reserved 1179648K
  class space    used 12889K, committed 13248K, reserved 1048576K
}
Event: 7539.304 GC heap after
{Heap after GC invocations=125 (full 2):
 garbage-first heap   total 96256K, used 38290K [0x000000070a400000, 0x0000000800000000)
  region size 2048K, 1 young (2048K), 1 survivors (2048K)
 Metaspace       used 87053K, committed 87872K, reserved 1179648K
  class space    used 12889K, committed 13248K, reserved 1048576K
}
Event: 7632.566 GC heap before
{Heap before GC invocations=125 (full 2):
 garbage-first heap   total 96256K, used 81298K [0x000000070a400000, 0x0000000800000000)
  region size 2048K, 22 young (45056K), 1 survivors (2048K)
 Metaspace       used 87053K, committed 87872K, reserved 1179648K
  class space    used 12889K, committed 13248K, reserved 1048576K
}
Event: 7632.568 GC heap after
{Heap after GC invocations=126 (full 2):
 garbage-first heap   total 96256K, used 38340K [0x000000070a400000, 0x0000000800000000)
  region size 2048K, 1 young (2048K), 1 survivors (2048K)
 Metaspace       used 87053K, committed 87872K, reserved 1179648K
  class space    used 12889K, committed 13248K, reserved 1048576K
}
Event: 7741.603 GC heap before
{Heap before GC invocations=127 (full 2):
 garbage-first heap   total 96256K, used 81348K [0x000000070a400000, 0x0000000800000000)
  region size 2048K, 22 young (45056K), 1 survivors (2048K)
 Metaspace       used 87053K, committed 87872K, reserved 1179648K
  class space    used 12889K, committed 13248K, reserved 1048576K
}
Event: 7741.605 GC heap after
{Heap after GC invocations=128 (full 2):
 garbage-first heap   total 96256K, used 38116K [0x000000070a400000, 0x0000000800000000)
  region size 2048K, 1 young (2048K), 1 survivors (2048K)
 Metaspace       used 87053K, committed 87872K, reserved 1179648K
  class space    used 12889K, committed 13248K, reserved 1048576K
}

